<?xml version="1.0" encoding="UTF-8"?>
<!-- Generated by org.testng.reporters.JUnitReportReporter -->
<testsuite hostname="DESKTOP-FGS38D0" failures="0" tests="2" name="TestRunner.LoginPageTestRunner" time="15.262" errors="0" timestamp="24 Jun 2024 18:17:31 GMT" skipped="0">
  <testcase classname="TestRunner.LoginPageTestRunner" name="runScenario" time="11.362"/>
  <testcase classname="TestRunner.LoginPageTestRunner" name="runScenario" time="3.900"/>
</testsuite> <!-- TestRunner.LoginPageTestRunner -->
